1699635190.760843 client started (21214): version 3.3a, socket /tmp/tmux-1000/default, protocol 8
1699635190.760893 on Linux 6.5.0-3-amd64 #1 SMP PREEMPT_DYNAMIC Debian 6.5.8-1 (2023-10-22)
1699635190.760900 using libevent 2.1.12-stable (poll); ncurses 6.4
1699635190.760923 flags are 0x10010000
1699635190.760928 socket is /tmp/tmux-1000/default
1699635190.760943 trying connect
1699635190.761025 add peer 0x556deed7cf80: 6 ((nil))
1699635190.761405 sending message 100 to peer 0x556deed7cf80 (4 bytes)
1699635190.761416 sending message 111 to peer 0x556deed7cf80 (8 bytes)
1699635190.761421 sending message 101 to peer 0x556deed7cf80 (15 bytes)
1699635190.761426 sending message 109 to peer 0x556deed7cf80 (4 bytes)
1699635190.761430 sending message 102 to peer 0x556deed7cf80 (11 bytes)
1699635190.761434 sending message 108 to peer 0x556deed7cf80 (26 bytes)
1699635190.761439 sending message 112 to peer 0x556deed7cf80 (58 bytes)
1699635190.761443 sending message 112 to peer 0x556deed7cf80 (5 bytes)
1699635190.761448 sending message 112 to peer 0x556deed7cf80 (5 bytes)
1699635190.761452 sending message 112 to peer 0x556deed7cf80 (6 bytes)
1699635190.761456 sending message 112 to peer 0x556deed7cf80 (6 bytes)
1699635190.761460 sending message 112 to peer 0x556deed7cf80 (11 bytes)
1699635190.761465 sending message 112 to peer 0x556deed7cf80 (10 bytes)
1699635190.761469 sending message 112 to peer 0x556deed7cf80 (13 bytes)
1699635190.761474 sending message 112 to peer 0x556deed7cf80 (14 bytes)
1699635190.761478 sending message 112 to peer 0x556deed7cf80 (19 bytes)
1699635190.761482 sending message 112 to peer 0x556deed7cf80 (11 bytes)
1699635190.761487 sending message 112 to peer 0x556deed7cf80 (10 bytes)
1699635190.761491 sending message 112 to peer 0x556deed7cf80 (15 bytes)
1699635190.761495 sending message 112 to peer 0x556deed7cf80 (21 bytes)
1699635190.761500 sending message 112 to peer 0x556deed7cf80 (13 bytes)
1699635190.761504 sending message 112 to peer 0x556deed7cf80 (7 bytes)
1699635190.761508 sending message 112 to peer 0x556deed7cf80 (13 bytes)
1699635190.761513 sending message 112 to peer 0x556deed7cf80 (7 bytes)
1699635190.761517 sending message 112 to peer 0x556deed7cf80 (13 bytes)
1699635190.761521 sending message 112 to peer 0x556deed7cf80 (9 bytes)
1699635190.761526 sending message 112 to peer 0x556deed7cf80 (21 bytes)
1699635190.761530 sending message 112 to peer 0x556deed7cf80 (13 bytes)
1699635190.761534 sending message 112 to peer 0x556deed7cf80 (9 bytes)
1699635190.761538 sending message 112 to peer 0x556deed7cf80 (16 bytes)
1699635190.761542 sending message 112 to peer 0x556deed7cf80 (13 bytes)
1699635190.761547 sending message 112 to peer 0x556deed7cf80 (9 bytes)
1699635190.761551 sending message 112 to peer 0x556deed7cf80 (9 bytes)
1699635190.761555 sending message 112 to peer 0x556deed7cf80 (12 bytes)
1699635190.761559 sending message 112 to peer 0x556deed7cf80 (8 bytes)
1699635190.761564 sending message 112 to peer 0x556deed7cf80 (8 bytes)
1699635190.761568 sending message 112 to peer 0x556deed7cf80 (13 bytes)
1699635190.761573 sending message 112 to peer 0x556deed7cf80 (7 bytes)
1699635190.761577 sending message 112 to peer 0x556deed7cf80 (7 bytes)
1699635190.761581 sending message 112 to peer 0x556deed7cf80 (9 bytes)
1699635190.761586 sending message 112 to peer 0x556deed7cf80 (9 bytes)
1699635190.761590 sending message 112 to peer 0x556deed7cf80 (15 bytes)
1699635190.761594 sending message 112 to peer 0x556deed7cf80 (13 bytes)
1699635190.761599 sending message 112 to peer 0x556deed7cf80 (12 bytes)
1699635190.761603 sending message 112 to peer 0x556deed7cf80 (8 bytes)
1699635190.761607 sending message 112 to peer 0x556deed7cf80 (14 bytes)
1699635190.761612 sending message 112 to peer 0x556deed7cf80 (11 bytes)
1699635190.761616 sending message 112 to peer 0x556deed7cf80 (9 bytes)
1699635190.761620 sending message 112 to peer 0x556deed7cf80 (10 bytes)
1699635190.761624 sending message 112 to peer 0x556deed7cf80 (10 bytes)
1699635190.761629 sending message 112 to peer 0x556deed7cf80 (10 bytes)
1699635190.761633 sending message 112 to peer 0x556deed7cf80 (10 bytes)
1699635190.761647 sending message 112 to peer 0x556deed7cf80 (11 bytes)
1699635190.761652 sending message 112 to peer 0x556deed7cf80 (12 bytes)
1699635190.761656 sending message 112 to peer 0x556deed7cf80 (12 bytes)
1699635190.761660 sending message 112 to peer 0x556deed7cf80 (12 bytes)
1699635190.761665 sending message 112 to peer 0x556deed7cf80 (12 bytes)
1699635190.761669 sending message 112 to peer 0x556deed7cf80 (12 bytes)
1699635190.761673 sending message 112 to peer 0x556deed7cf80 (11 bytes)
1699635190.761677 sending message 112 to peer 0x556deed7cf80 (11 bytes)
1699635190.761682 sending message 112 to peer 0x556deed7cf80 (12 bytes)
1699635190.761686 sending message 112 to peer 0x556deed7cf80 (12 bytes)
1699635190.761691 sending message 112 to peer 0x556deed7cf80 (12 bytes)
1699635190.761695 sending message 112 to peer 0x556deed7cf80 (12 bytes)
1699635190.761699 sending message 112 to peer 0x556deed7cf80 (12 bytes)
1699635190.761704 sending message 112 to peer 0x556deed7cf80 (9 bytes)
1699635190.761708 sending message 112 to peer 0x556deed7cf80 (12 bytes)
1699635190.761712 sending message 112 to peer 0x556deed7cf80 (13 bytes)
1699635190.761716 sending message 112 to peer 0x556deed7cf80 (13 bytes)
1699635190.761721 sending message 112 to peer 0x556deed7cf80 (13 bytes)
1699635190.761725 sending message 112 to peer 0x556deed7cf80 (13 bytes)
1699635190.761729 sending message 112 to peer 0x556deed7cf80 (13 bytes)
1699635190.761734 sending message 112 to peer 0x556deed7cf80 (8 bytes)
1699635190.761738 sending message 112 to peer 0x556deed7cf80 (11 bytes)
1699635190.761743 sending message 112 to peer 0x556deed7cf80 (11 bytes)
1699635190.761747 sending message 112 to peer 0x556deed7cf80 (11 bytes)
1699635190.761751 sending message 112 to peer 0x556deed7cf80 (12 bytes)
1699635190.761756 sending message 112 to peer 0x556deed7cf80 (12 bytes)
1699635190.761760 sending message 112 to peer 0x556deed7cf80 (12 bytes)
1699635190.761764 sending message 112 to peer 0x556deed7cf80 (12 bytes)
1699635190.761769 sending message 112 to peer 0x556deed7cf80 (13 bytes)
1699635190.761773 sending message 112 to peer 0x556deed7cf80 (13 bytes)
1699635190.761777 sending message 112 to peer 0x556deed7cf80 (13 bytes)
1699635190.761782 sending message 112 to peer 0x556deed7cf80 (8 bytes)
1699635190.761786 sending message 112 to peer 0x556deed7cf80 (13 bytes)
1699635190.761790 sending message 112 to peer 0x556deed7cf80 (13 bytes)
1699635190.761795 sending message 112 to peer 0x556deed7cf80 (13 bytes)
1699635190.761799 sending message 112 to peer 0x556deed7cf80 (13 bytes)
1699635190.761803 sending message 112 to peer 0x556deed7cf80 (13 bytes)
1699635190.761807 sending message 112 to peer 0x556deed7cf80 (12 bytes)
1699635190.761812 sending message 112 to peer 0x556deed7cf80 (12 bytes)
1699635190.761816 sending message 112 to peer 0x556deed7cf80 (12 bytes)
1699635190.761820 sending message 112 to peer 0x556deed7cf80 (12 bytes)
1699635190.761824 sending message 112 to peer 0x556deed7cf80 (13 bytes)
1699635190.761829 sending message 112 to peer 0x556deed7cf80 (8 bytes)
1699635190.761833 sending message 112 to peer 0x556deed7cf80 (13 bytes)
1699635190.761838 sending message 112 to peer 0x556deed7cf80 (13 bytes)
1699635190.761842 sending message 112 to peer 0x556deed7cf80 (13 bytes)
1699635190.761847 sending message 112 to peer 0x556deed7cf80 (13 bytes)
1699635190.761851 sending message 112 to peer 0x556deed7cf80 (13 bytes)
1699635190.761855 sending message 112 to peer 0x556deed7cf80 (13 bytes)
1699635190.761859 sending message 112 to peer 0x556deed7cf80 (13 bytes)
1699635190.761864 sending message 112 to peer 0x556deed7cf80 (12 bytes)
1699635190.761868 sending message 112 to peer 0x556deed7cf80 (12 bytes)
1699635190.761872 sending message 112 to peer 0x556deed7cf80 (12 bytes)
1699635190.761877 sending message 112 to peer 0x556deed7cf80 (8 bytes)
1699635190.761881 sending message 112 to peer 0x556deed7cf80 (12 bytes)
1699635190.761885 sending message 112 to peer 0x556deed7cf80 (13 bytes)
1699635190.761889 sending message 112 to peer 0x556deed7cf80 (13 bytes)
1699635190.761898 sending message 112 to peer 0x556deed7cf80 (13 bytes)
1699635190.761903 sending message 112 to peer 0x556deed7cf80 (13 bytes)
1699635190.761907 sending message 112 to peer 0x556deed7cf80 (13 bytes)
1699635190.761911 sending message 112 to peer 0x556deed7cf80 (13 bytes)
1699635190.761916 sending message 112 to peer 0x556deed7cf80 (13 bytes)
1699635190.761920 sending message 112 to peer 0x556deed7cf80 (13 bytes)
1699635190.761924 sending message 112 to peer 0x556deed7cf80 (12 bytes)
1699635190.761929 sending message 112 to peer 0x556deed7cf80 (10 bytes)
1699635190.761933 sending message 112 to peer 0x556deed7cf80 (12 bytes)
1699635190.761937 sending message 112 to peer 0x556deed7cf80 (12 bytes)
1699635190.761941 sending message 112 to peer 0x556deed7cf80 (12 bytes)
1699635190.761946 sending message 112 to peer 0x556deed7cf80 (13 bytes)
1699635190.761950 sending message 112 to peer 0x556deed7cf80 (13 bytes)
1699635190.761954 sending message 112 to peer 0x556deed7cf80 (13 bytes)
1699635190.761958 sending message 112 to peer 0x556deed7cf80 (13 bytes)
1699635190.761963 sending message 112 to peer 0x556deed7cf80 (13 bytes)
1699635190.761967 sending message 112 to peer 0x556deed7cf80 (13 bytes)
1699635190.761971 sending message 112 to peer 0x556deed7cf80 (13 bytes)
1699635190.761975 sending message 112 to peer 0x556deed7cf80 (10 bytes)
1699635190.761980 sending message 112 to peer 0x556deed7cf80 (13 bytes)
1699635190.761984 sending message 112 to peer 0x556deed7cf80 (12 bytes)
1699635190.761988 sending message 112 to peer 0x556deed7cf80 (12 bytes)
1699635190.761992 sending message 112 to peer 0x556deed7cf80 (12 bytes)
1699635190.761997 sending message 112 to peer 0x556deed7cf80 (10 bytes)
1699635190.762001 sending message 112 to peer 0x556deed7cf80 (10 bytes)
1699635190.762005 sending message 112 to peer 0x556deed7cf80 (10 bytes)
1699635190.762009 sending message 112 to peer 0x556deed7cf80 (12 bytes)
1699635190.762013 sending message 112 to peer 0x556deed7cf80 (13 bytes)
1699635190.762018 sending message 112 to peer 0x556deed7cf80 (13 bytes)
1699635190.762022 sending message 112 to peer 0x556deed7cf80 (13 bytes)
1699635190.762026 sending message 112 to peer 0x556deed7cf80 (13 bytes)
1699635190.762031 sending message 112 to peer 0x556deed7cf80 (13 bytes)
1699635190.762035 sending message 112 to peer 0x556deed7cf80 (10 bytes)
1699635190.762039 sending message 112 to peer 0x556deed7cf80 (11 bytes)
1699635190.762043 sending message 112 to peer 0x556deed7cf80 (12 bytes)
1699635190.762048 sending message 112 to peer 0x556deed7cf80 (12 bytes)
1699635190.762052 sending message 112 to peer 0x556deed7cf80 (12 bytes)
1699635190.762056 sending message 112 to peer 0x556deed7cf80 (12 bytes)
1699635190.762060 sending message 112 to peer 0x556deed7cf80 (12 bytes)
1699635190.762065 sending message 112 to peer 0x556deed7cf80 (11 bytes)
1699635190.762069 sending message 112 to peer 0x556deed7cf80 (12 bytes)
1699635190.762073 sending message 112 to peer 0x556deed7cf80 (12 bytes)
1699635190.762077 sending message 112 to peer 0x556deed7cf80 (13 bytes)
1699635190.762082 sending message 112 to peer 0x556deed7cf80 (13 bytes)
1699635190.762086 sending message 112 to peer 0x556deed7cf80 (13 bytes)
1699635190.762090 sending message 112 to peer 0x556deed7cf80 (13 bytes)
1699635190.762095 sending message 112 to peer 0x556deed7cf80 (13 bytes)
1699635190.762099 sending message 112 to peer 0x556deed7cf80 (10 bytes)
1699635190.762103 sending message 112 to peer 0x556deed7cf80 (9 bytes)
1699635190.762108 sending message 112 to peer 0x556deed7cf80 (12 bytes)
1699635190.762112 sending message 112 to peer 0x556deed7cf80 (13 bytes)
1699635190.762116 sending message 112 to peer 0x556deed7cf80 (13 bytes)
1699635190.762121 sending message 112 to peer 0x556deed7cf80 (13 bytes)
1699635190.762125 sending message 112 to peer 0x556deed7cf80 (13 bytes)
1699635190.762129 sending message 112 to peer 0x556deed7cf80 (13 bytes)
1699635190.762133 sending message 112 to peer 0x556deed7cf80 (9 bytes)
1699635190.762138 sending message 112 to peer 0x556deed7cf80 (12 bytes)
1699635190.762146 sending message 112 to peer 0x556deed7cf80 (13 bytes)
1699635190.762150 sending message 112 to peer 0x556deed7cf80 (13 bytes)
1699635190.762154 sending message 112 to peer 0x556deed7cf80 (13 bytes)
1699635190.762159 sending message 112 to peer 0x556deed7cf80 (13 bytes)
1699635190.762163 sending message 112 to peer 0x556deed7cf80 (13 bytes)
1699635190.762167 sending message 112 to peer 0x556deed7cf80 (11 bytes)
1699635190.762171 sending message 112 to peer 0x556deed7cf80 (12 bytes)
1699635190.762176 sending message 112 to peer 0x556deed7cf80 (13 bytes)
1699635190.762180 sending message 112 to peer 0x556deed7cf80 (13 bytes)
1699635190.762184 sending message 112 to peer 0x556deed7cf80 (13 bytes)
1699635190.762188 sending message 112 to peer 0x556deed7cf80 (13 bytes)
1699635190.762193 sending message 112 to peer 0x556deed7cf80 (13 bytes)
1699635190.762197 sending message 112 to peer 0x556deed7cf80 (11 bytes)
1699635190.762201 sending message 112 to peer 0x556deed7cf80 (12 bytes)
1699635190.762205 sending message 112 to peer 0x556deed7cf80 (12 bytes)
1699635190.762210 sending message 112 to peer 0x556deed7cf80 (12 bytes)
1699635190.762214 sending message 112 to peer 0x556deed7cf80 (12 bytes)
1699635190.762218 sending message 112 to peer 0x556deed7cf80 (12 bytes)
1699635190.762222 sending message 112 to peer 0x556deed7cf80 (21 bytes)
1699635190.762227 sending message 112 to peer 0x556deed7cf80 (12 bytes)
1699635190.762231 sending message 112 to peer 0x556deed7cf80 (9 bytes)
1699635190.762235 sending message 112 to peer 0x556deed7cf80 (6 bytes)
1699635190.762240 sending message 112 to peer 0x556deed7cf80 (13 bytes)
1699635190.762244 sending message 112 to peer 0x556deed7cf80 (10 bytes)
1699635190.762248 sending message 112 to peer 0x556deed7cf80 (24 bytes)
1699635190.762253 sending message 112 to peer 0x556deed7cf80 (13 bytes)
1699635190.762257 sending message 112 to peer 0x556deed7cf80 (9 bytes)
1699635190.762261 sending message 112 to peer 0x556deed7cf80 (70 bytes)
1699635190.762266 sending message 112 to peer 0x556deed7cf80 (69 bytes)
1699635190.762270 sending message 112 to peer 0x556deed7cf80 (12 bytes)
1699635190.762274 sending message 112 to peer 0x556deed7cf80 (10 bytes)
1699635190.762279 sending message 112 to peer 0x556deed7cf80 (10 bytes)
1699635190.762283 sending message 112 to peer 0x556deed7cf80 (24 bytes)
1699635190.762287 sending message 112 to peer 0x556deed7cf80 (13 bytes)
1699635190.762292 sending message 112 to peer 0x556deed7cf80 (10 bytes)
1699635190.762296 sending message 112 to peer 0x556deed7cf80 (10 bytes)
1699635190.762300 sending message 112 to peer 0x556deed7cf80 (10 bytes)
1699635190.762304 sending message 112 to peer 0x556deed7cf80 (13 bytes)
1699635190.762309 sending message 112 to peer 0x556deed7cf80 (15 bytes)
1699635190.762313 sending message 112 to peer 0x556deed7cf80 (5 bytes)
1699635190.762318 sending message 104 to peer 0x556deed7cf80 (0 bytes)
1699635190.762324 sending message 110 to peer 0x556deed7cf80 (0 bytes)
1699635190.762329 sending message 107 to peer 0x556deed7cf80 (4 bytes)
1699635190.762333 sending message 105 to peer 0x556deed7cf80 (16 bytes)
1699635190.762338 sending message 105 to peer 0x556deed7cf80 (26 bytes)
1699635190.762342 sending message 105 to peer 0x556deed7cf80 (35 bytes)
1699635190.762346 sending message 105 to peer 0x556deed7cf80 (30 bytes)
1699635190.762351 sending message 105 to peer 0x556deed7cf80 (15 bytes)
1699635190.762355 sending message 105 to peer 0x556deed7cf80 (18 bytes)
1699635190.762359 sending message 105 to peer 0x556deed7cf80 (13 bytes)
1699635190.762364 sending message 105 to peer 0x556deed7cf80 (1764 bytes)
1699635190.762380 sending message 105 to peer 0x556deed7cf80 (52 bytes)
1699635190.762385 sending message 105 to peer 0x556deed7cf80 (20 bytes)
1699635190.762389 sending message 105 to peer 0x556deed7cf80 (12 bytes)
1699635190.762393 sending message 105 to peer 0x556deed7cf80 (13 bytes)
1699635190.762398 sending message 105 to peer 0x556deed7cf80 (8 bytes)
1699635190.762402 sending message 105 to peer 0x556deed7cf80 (35 bytes)
1699635190.762411 sending message 105 to peer 0x556deed7cf80 (62 bytes)
1699635190.762415 sending message 105 to peer 0x556deed7cf80 (22 bytes)
1699635190.762420 sending message 105 to peer 0x556deed7cf80 (19 bytes)
1699635190.762424 sending message 105 to peer 0x556deed7cf80 (41 bytes)
1699635190.762428 sending message 105 to peer 0x556deed7cf80 (18 bytes)
1699635190.762433 sending message 105 to peer 0x556deed7cf80 (16 bytes)
1699635190.762437 sending message 106 to peer 0x556deed7cf80 (0 bytes)
1699635190.762489 sending message 200 to peer 0x556deed7cf80 (4 bytes)
1699635190.762495 client loop enter
1699635190.763056 peer 0x556deed7cf80 message 303
1699635190.763068 open write file 2 -
1699635190.763080 sending message 305 to peer 0x556deed7cf80 (8 bytes)
1699635190.763092 write check file 2
1699635190.763304 peer 0x556deed7cf80 message 304
1699635190.763316 write 58 to file 2
1699635190.763323 peer 0x556deed7cf80 message 203
1699635190.763327 file 2 58 bytes left
1699635190.763346 write check file 2
1699635190.763354 client loop exit
